<?xml version="1.0" encoding="UTF-8"?>
<!-- Generated by org.testng.reporters.JUnitXMLReporter -->
<testsuite ignored="0" hostname="DESKTOP-PL6B9Q4" failures="0" tests="6" name="Test" time="0.056" errors="0" timestamp="2022-05-28T18:49:06 EDT">
  <testcase classname="icandoitwebsite.mavenjavaexample.RESTAPITest" name="deleteTwitter" time="0.005"/>
  <testcase classname="icandoitwebsite.mavenjavaexample.RESTAPITest" name="postJira" time="0.0"/>
  <testcase classname="icandoitwebsite.mavenjavaexample.SeleniumTest" name="browserUIAuotmation" time="0.0"/>
  <testcase classname="icandoitwebsite.mavenjavaexample.SeleniumTest" name="loginUIAuto" time="0.001"/>
  <testcase classname="icandoitwebsite.mavenjavaexample.AppiumTest" name="iosApps" time="0.001"/>
  <testcase classname="icandoitwebsite.mavenjavaexample.AppiumTest" name="nativeAppAndroid" time="0.0"/>
</testsuite> <!-- Test -->
