<?xml version="1.0" encoding="UTF-8"?>
<testsuite xmlns:xsi="http://www.w3.org/2001/XMLSchema-instance" xsi:noNamespaceSchemaLocation="https://maven.apache.org/surefire/maven-surefire-plugin/xsd/surefire-test-report.xsd" name="TestSuite" time="0.797" tests="6" errors="0" skipped="0" failures="0">
  <properties>
[...]
</properties>
  <testcase name="deleteTwitter" classname="icandoitwebsite.mavenjavaexample.RESTAPITest" time="0.006"/>
  <testcase name="postJira" classname="icandoitwebsite.mavenjavaexample.RESTAPITest" time="0"/>
  <testcase name="browserUIAuotmation" classname="icandoitwebsite.mavenjavaexample.SeleniumTest" time="0"/>
  <testcase name="loginUIAuto" classname="icandoitwebsite.mavenjavaexample.SeleniumTest" time="0"/>
  <testcase name="iosApps" classname="icandoitwebsite.mavenjavaexample.AppiumTest" time="0"/>
  <testcase name="nativeAppAndroid" classname="icandoitwebsite.mavenjavaexample.AppiumTest" time="0"/>
</testsuite>